{"ts":1718325540726,"action":"FILE_OPENED","file":"/src/main/java/cn/katool/security/auth/KaToolSecurityAuthCenterApplication.java","tags":{"FILE_LINE_OF_CODE":"24"}}
{"ts":1718325541387,"action":"PROJECT_OPENED","tags":{"PROJECT_NAME":"katool-security-auth"}}
{"ts":1718325570780,"action":"FILE_CLOSED","file":"/src/main/java/cn/katool/security/auth/KaToolSecurityAuthCenterApplication.java","tags":{"FILE_LINE_OF_CODE":"24"}}
{"ts":1718325570780,"action":"FILE_OPENED","file":"/src/main/resources/application-dev.yml","tags":{"FILE_LINE_OF_CODE":"94"}}
{"ts":1718325587867,"action":"IDE_DEACTIVATED"}
{"ts":1718325594832,"action":"IDE_ACTIVATED"}
{"ts":1718325594935,"action":"FILE_CLOSED","file":"/src/main/resources/application-dev.yml","tags":{"FILE_LINE_OF_CODE":"94"}}
{"ts":1718325594935,"action":"FILE_OPENED","file":"/src/main/java/cn/katool/security/auth/KaToolSecurityAuthCenterApplication.java","tags":{"FILE_LINE_OF_CODE":"24"}}
{"ts":1718325600540,"action":"FILE_CLOSED","file":"/src/main/java/cn/katool/security/auth/KaToolSecurityAuthCenterApplication.java","tags":{"FILE_LINE_OF_CODE":"24"}}
{"ts":1718325600540,"action":"FILE_OPENED","file":"/src/main/resources/application.yml","tags":{"FILE_LINE_OF_CODE":"98"}}
{"ts":1718325601447,"action":"FILE_CLOSED","file":"/src/main/resources/application.yml","tags":{"FILE_LINE_OF_CODE":"98"}}
{"ts":1718325601447,"action":"FILE_OPENED","file":"/src/main/resources/application-dev.yml","tags":{"FILE_LINE_OF_CODE":"94"}}
{"ts":1718325612038,"action":"FILE_CLOSED","file":"/src/main/resources/application-dev.yml","tags":{"FILE_LINE_OF_CODE":"94"}}
{"ts":1718325612038,"action":"FILE_OPENED","file":"/src/main/java/cn/katool/security/auth/KaToolSecurityAuthCenterApplication.java","tags":{"FILE_LINE_OF_CODE":"24"}}
{"ts":1718325613420,"action":"FILE_CLOSED","file":"/src/main/java/cn/katool/security/auth/KaToolSecurityAuthCenterApplication.java","tags":{"FILE_LINE_OF_CODE":"24"}}
{"ts":1718325613420,"action":"FILE_OPENED","file":"/src/main/java/cn/katool/security/auth/utils/AesUtils.java","tags":{"FILE_LINE_OF_CODE":"69"}}
{"ts":1718325618531,"action":"IDE_DEACTIVATED"}
{"ts":1718325628906,"action":"IDE_ACTIVATED"}
{"ts":1718325629219,"action":"FILE_CLOSED","file":"/src/main/java/cn/katool/security/auth/utils/AesUtils.java","tags":{"FILE_LINE_OF_CODE":"69"}}
{"ts":1718325630345,"action":"PROJECT_CLOSED","tags":{"PROJECT_NAME":"katool-security-auth"}}
{"ts":1719291865671,"action":"FILE_OPENED","file":"/src/main/java/cn/katool/security/auth/KaToolSecurityAuthCenterApplication.java","tags":{"FILE_LINE_OF_CODE":"24"}}
{"ts":1719291865846,"action":"FILE_CLOSED","file":"/src/main/java/cn/katool/security/auth/KaToolSecurityAuthCenterApplication.java","tags":{"FILE_LINE_OF_CODE":"24"}}
{"ts":1719291865847,"action":"FILE_OPENED","file":"/src/main/java/cn/katool/security/auth/utils/AesUtils.java","tags":{"FILE_LINE_OF_CODE":"69"}}
{"ts":1719291865973,"action":"PROJECT_OPENED","tags":{"PROJECT_NAME":"katool-security-auth"}}
{"ts":1719291869804,"action":"FILE_CLOSED","file":"/src/main/java/cn/katool/security/auth/utils/AesUtils.java","tags":{"FILE_LINE_OF_CODE":"69"}}
{"ts":1719291869804,"action":"FILE_OPENED","file":"/pom.xml","tags":{"FILE_LINE_OF_CODE":"93"}}
{"ts":1719291875660,"action":"FILE_CLOSED","file":"/pom.xml","tags":{"FILE_LINE_OF_CODE":"93"}}
{"ts":1719291879475,"action":"IDE_DEACTIVATED"}
{"ts":1719291879960,"action":"IDE_ACTIVATED"}
{"ts":1719291881341,"action":"IDE_DEACTIVATED"}
{"ts":1719291881447,"action":"IDE_ACTIVATED"}
{"ts":1719291899910,"action":"IDE_DEACTIVATED"}
{"ts":1719291899976,"action":"IDE_ACTIVATED"}
{"ts":1719291903041,"action":"IDE_DEACTIVATED"}
{"ts":1719291903103,"action":"IDE_ACTIVATED"}
{"ts":1719291910794,"action":"IDE_DEACTIVATED"}
{"ts":1719291910848,"action":"IDE_ACTIVATED"}
{"ts":1719291914931,"action":"FILE_OPENED","file":"/pom.xml","tags":{"FILE_LINE_OF_CODE":"93"}}
{"ts":1719291927025,"action":"IDE_DEACTIVATED"}
{"ts":1719291927091,"action":"IDE_ACTIVATED"}
{"ts":1719291955004,"action":"IDE_DEACTIVATED"}
{"ts":1719291955059,"action":"IDE_ACTIVATED"}
{"ts":1719291969586,"action":"FILE_CLOSED","file":"/pom.xml","tags":{"FILE_LINE_OF_CODE":"93"}}
{"ts":1719291969642,"action":"PROJECT_CLOSED","tags":{"PROJECT_NAME":"katool-security-auth"}}
{"ts":1719296208160,"action":"FILE_OPENED","file":"/src/main/java/cn/katool/security/auth/KaToolSecurityAuthCenterApplication.java","tags":{"FILE_LINE_OF_CODE":"24"}}
{"ts":1719296208378,"action":"FILE_CLOSED","file":"/src/main/java/cn/katool/security/auth/KaToolSecurityAuthCenterApplication.java","tags":{"FILE_LINE_OF_CODE":"24"}}
{"ts":1719296208378,"action":"FILE_OPENED","file":"/pom.xml","tags":{"FILE_LINE_OF_CODE":"93"}}
{"ts":1719296208466,"action":"PROJECT_OPENED","tags":{"PROJECT_NAME":"katool-security-auth"}}
{"ts":1719296211633,"action":"FILE_CLOSED","file":"/pom.xml","tags":{"FILE_LINE_OF_CODE":"93"}}
{"ts":1719296211633,"action":"FILE_OPENED","file":"/src/main/java/cn/katool/security/auth/aop/ValidRole.java","tags":{"FILE_LINE_OF_CODE":"49"}}
{"ts":1719296243433,"action":"FILE_CLOSED","file":"/src/main/java/cn/katool/security/auth/aop/ValidRole.java","tags":{"FILE_LINE_OF_CODE":"49"}}
{"ts":1719296243433,"action":"FILE_OPENED","file":"/src/main/java/cn/katool/security/auth/job/AuthTableSyncTask.java","tags":{"FILE_LINE_OF_CODE":"54"}}
{"ts":1719296250880,"action":"FILE_CLOSED","file":"/src/main/java/cn/katool/security/auth/job/AuthTableSyncTask.java","tags":{"FILE_LINE_OF_CODE":"54"}}
{"ts":1719296250880,"action":"FILE_OPENED","file":"/src/main/java/cn/katool/security/auth/constant/DateUnit.java","tags":{"FILE_LINE_OF_CODE":"19"}}
{"ts":1719296251656,"action":"FILE_CLOSED","file":"/src/main/java/cn/katool/security/auth/constant/DateUnit.java","tags":{"FILE_LINE_OF_CODE":"19"}}
{"ts":1719296251656,"action":"FILE_OPENED","file":"/src/main/java/cn/katool/security/auth/constant/KaSecurityUserConstant.java","tags":{"FILE_LINE_OF_CODE":"6"}}
{"ts":1719296253730,"action":"FILE_CLOSED","file":"/src/main/java/cn/katool/security/auth/constant/KaSecurityUserConstant.java","tags":{"FILE_LINE_OF_CODE":"6"}}
{"ts":1719296253730,"action":"FILE_OPENED","file":"/src/main/java/cn/katool/security/auth/constant/DateUnit.java","tags":{"FILE_LINE_OF_CODE":"19"}}
{"ts":1719296254179,"action":"FILE_CLOSED","file":"/src/main/java/cn/katool/security/auth/constant/DateUnit.java","tags":{"FILE_LINE_OF_CODE":"19"}}
{"ts":1719296254179,"action":"FILE_OPENED","file":"/src/main/java/cn/katool/security/auth/config/RedisConfig.java","tags":{"FILE_LINE_OF_CODE":"68"}}
{"ts":1719296258681,"action":"IDE_DEACTIVATED"}
{"ts":1719296258757,"action":"IDE_ACTIVATED"}
{"ts":1719296262827,"action":"IDE_DEACTIVATED"}
{"ts":1719296262882,"action":"IDE_ACTIVATED"}
{"ts":1719296265437,"action":"IDE_DEACTIVATED"}
{"ts":1719296265440,"action":"IDE_ACTIVATED"}
{"ts":1719296269530,"action":"FILE_CLOSED","file":"/src/main/java/cn/katool/security/auth/config/RedisConfig.java","tags":{"FILE_LINE_OF_CODE":"68"}}
{"ts":1719296269530,"action":"FILE_OPENED","file":"/src/main/java/cn/katool/security/auth/utils/BaseResponse.java","tags":{"FILE_LINE_OF_CODE":"36"}}
{"ts":1719296270163,"action":"FILE_CLOSED","file":"/src/main/java/cn/katool/security/auth/utils/BaseResponse.java","tags":{"FILE_LINE_OF_CODE":"36"}}
{"ts":1719296270163,"action":"FILE_OPENED","file":"/src/main/java/cn/katool/security/auth/utils/ResultUtils.java","tags":{"FILE_LINE_OF_CODE":"64"}}
{"ts":1719296271473,"action":"FILE_CLOSED","file":"/src/main/java/cn/katool/security/auth/utils/ResultUtils.java","tags":{"FILE_LINE_OF_CODE":"64"}}
{"ts":1719296271473,"action":"FILE_OPENED","file":"/src/main/java/cn/katool/security/auth/utils/SqlUtils.java","tags":{"FILE_LINE_OF_CODE":"24"}}
{"ts":1719296272654,"action":"FILE_CLOSED","file":"/src/main/java/cn/katool/security/auth/utils/SqlUtils.java","tags":{"FILE_LINE_OF_CODE":"24"}}
{"ts":1719296272654,"action":"FILE_OPENED","file":"/src/main/java/cn/katool/security/auth/utils/ThrowUtils.java","tags":{"FILE_LINE_OF_CODE":"46"}}
{"ts":1719296301290,"action":"FILE_CLOSED","file":"/src/main/java/cn/katool/security/auth/utils/ThrowUtils.java","tags":{"FILE_LINE_OF_CODE":"46"}}
{"ts":1719296301290,"action":"FILE_OPENED","file":"/src/main/java/cn/katool/security/auth/controller/KaSecurityUserController.java","tags":{"FILE_LINE_OF_CODE":"342"}}
{"ts":1719296307949,"action":"FILE_CLOSED","file":"/src/main/java/cn/katool/security/auth/controller/KaSecurityUserController.java","tags":{"FILE_LINE_OF_CODE":"342"}}
{"ts":1719296307949,"action":"FILE_OPENED","file":"/src/main/java/cn/katool/security/auth/utils/ThrowUtils.java","tags":{"FILE_LINE_OF_CODE":"46"}}
{"ts":1719296313529,"action":"FILE_CLOSED","file":"/src/main/java/cn/katool/security/auth/utils/ThrowUtils.java","tags":{"FILE_LINE_OF_CODE":"46"}}
{"ts":1719296313529,"action":"FILE_OPENED","file":"/src/main/java/cn/katool/security/auth/utils/ResultUtils.java","tags":{"FILE_LINE_OF_CODE":"64"}}
{"ts":1719296314338,"action":"FILE_CLOSED","file":"/src/main/java/cn/katool/security/auth/utils/ResultUtils.java","tags":{"FILE_LINE_OF_CODE":"64"}}
{"ts":1719296314338,"action":"FILE_OPENED","file":"/src/main/java/cn/katool/security/auth/utils/BaseResponse.java","tags":{"FILE_LINE_OF_CODE":"36"}}
{"ts":1719296314957,"action":"FILE_CLOSED","file":"/src/main/java/cn/katool/security/auth/utils/BaseResponse.java","tags":{"FILE_LINE_OF_CODE":"36"}}
{"ts":1719296314957,"action":"FILE_OPENED","file":"/src/main/java/cn/katool/security/auth/utils/AesUtils.java","tags":{"FILE_LINE_OF_CODE":"69"}}
{"ts":1719296317474,"action":"IDE_DEACTIVATED"}
{"ts":1719296317649,"action":"IDE_ACTIVATED"}
{"ts":1719296318637,"action":"IDE_DEACTIVATED"}
{"ts":1719296318722,"action":"IDE_ACTIVATED"}
{"ts":1719296338811,"action":"IDE_DEACTIVATED"}
{"ts":1719296338814,"action":"IDE_ACTIVATED"}
{"ts":1719296341109,"action":"IDE_DEACTIVATED"}
{"ts":1719296883540,"action":"IDE_ACTIVATED"}
{"ts":1719296885061,"action":"FILE_CLOSED","file":"/src/main/java/cn/katool/security/auth/utils/AesUtils.java","tags":{"FILE_LINE_OF_CODE":"69"}}
{"ts":1719296885061,"action":"FILE_OPENED","file":"/src/main/java/cn/katool/security/auth/utils/ResultUtils.java","tags":{"FILE_LINE_OF_CODE":"64"}}
{"ts":1719296888195,"action":"FILE_CLOSED","file":"/src/main/java/cn/katool/security/auth/utils/ResultUtils.java","tags":{"FILE_LINE_OF_CODE":"64"}}
{"ts":1719296888195,"action":"FILE_OPENED","file":"/src/main/java/cn/katool/security/auth/aop/ValidRole.java","tags":{"FILE_LINE_OF_CODE":"49"}}
{"ts":1719296902883,"action":"FILE_CLOSED","file":"/src/main/java/cn/katool/security/auth/aop/ValidRole.java","tags":{"FILE_LINE_OF_CODE":"49"}}
{"ts":1719296902883,"action":"FILE_OPENED","file":"/src/main/java/cn/katool/security/auth/utils/ThrowUtils.java","tags":{"FILE_LINE_OF_CODE":"46"}}
{"ts":1719296927731,"action":"IDE_DEACTIVATED"}
{"ts":1719296991720,"action":"IDE_ACTIVATED"}
{"ts":1719296991837,"action":"FILE_CLOSED","file":"/src/main/java/cn/katool/security/auth/utils/ThrowUtils.java","tags":{"FILE_LINE_OF_CODE":"46"}}
{"ts":1719296991837,"action":"FILE_OPENED","file":"/src/main/java/cn/katool/security/auth/aop/ValidRole.java","tags":{"FILE_LINE_OF_CODE":"49"}}
{"ts":1719297031148,"action":"IDE_DEACTIVATED"}
{"ts":1719297134652,"action":"IDE_ACTIVATED"}
{"ts":1719297140748,"action":"FILE_CLOSED","file":"/src/main/java/cn/katool/security/auth/aop/ValidRole.java","tags":{"FILE_LINE_OF_CODE":"52"}}
{"ts":1719297140748,"action":"FILE_OPENED","file":"/src/main/java/cn/katool/security/auth/config/AuthConfig.java","tags":{"FILE_LINE_OF_CODE":"46"}}
{"ts":1719297187227,"action":"FILE_CLOSED","file":"/src/main/java/cn/katool/security/auth/config/AuthConfig.java","tags":{"FILE_LINE_OF_CODE":"47"}}
{"ts":1719297193338,"action":"IDE_DEACTIVATED"}
{"ts":1719297196996,"action":"IDE_ACTIVATED"}
{"ts":1719297197032,"action":"FILE_OPENED","file":"/src/main/java/cn/katool/security/auth/config/AuthConfig.java","tags":{"FILE_LINE_OF_CODE":"47"}}
{"ts":1719297208903,"action":"FILE_CLOSED","file":"/src/main/java/cn/katool/security/auth/config/AuthConfig.java","tags":{"FILE_LINE_OF_CODE":"47"}}
{"ts":1719297213712,"action":"IDE_DEACTIVATED"}
{"ts":1719297215780,"action":"IDE_ACTIVATED"}
{"ts":1719297220886,"action":"FILE_OPENED","file":"/src/main/java/cn/katool/security/auth/config/AuthConfig.java","tags":{"FILE_LINE_OF_CODE":"47"}}
{"ts":1719297331018,"action":"FILE_CLOSED","file":"/src/main/java/cn/katool/security/auth/config/AuthConfig.java","tags":{"FILE_LINE_OF_CODE":"47"}}
{"ts":1719297331018,"action":"FILE_OPENED","file":"/src/main/java/cn/katool/security/auth/model/entity/KaSecurityUser.java","tags":{"FILE_LINE_OF_CODE":"73"}}
{"ts":1719297339063,"action":"FILE_CLOSED","file":"/src/main/java/cn/katool/security/auth/model/entity/KaSecurityUser.java","tags":{"FILE_LINE_OF_CODE":"73"}}
{"ts":1719297339063,"action":"FILE_OPENED","file":"/src/main/java/cn/katool/security/auth/config/AuthConfig.java","tags":{"FILE_LINE_OF_CODE":"47"}}
{"ts":1719297344855,"action":"FILE_CLOSED","file":"/src/main/java/cn/katool/security/auth/config/AuthConfig.java","tags":{"FILE_LINE_OF_CODE":"47"}}
{"ts":1719297344905,"action":"PROJECT_CLOSED","tags":{"PROJECT_NAME":"katool-security-auth"}}
{"ts":1719314903702,"action":"FILE_OPENED","file":"/src/main/java/cn/katool/security/auth/aop/ValidRole.java","tags":{"FILE_LINE_OF_CODE":"52"}}
{"ts":1719314904258,"action":"FILE_CLOSED","file":"/src/main/java/cn/katool/security/auth/aop/ValidRole.java","tags":{"FILE_LINE_OF_CODE":"52"}}
{"ts":1719314904258,"action":"FILE_OPENED","file":"/src/main/java/cn/katool/security/auth/config/AuthConfig.java","tags":{"FILE_LINE_OF_CODE":"47"}}
{"ts":1719314904376,"action":"PROJECT_OPENED","tags":{"PROJECT_NAME":"katool-security-auth"}}
{"ts":1719314906283,"action":"IDE_DEACTIVATED"}
{"ts":1719314936480,"action":"IDE_ACTIVATED"}
{"ts":1719314936638,"action":"FILE_CLOSED","file":"/src/main/java/cn/katool/security/auth/config/AuthConfig.java","tags":{"FILE_LINE_OF_CODE":"47"}}
{"ts":1719314936638,"action":"FILE_OPENED","file":"/src/main/java/cn/katool/security/auth/constant/KaSecurityUserConstant.java","tags":{"FILE_LINE_OF_CODE":"6"}}
{"ts":1719314937842,"action":"FILE_CLOSED","file":"/src/main/java/cn/katool/security/auth/constant/KaSecurityUserConstant.java","tags":{"FILE_LINE_OF_CODE":"6"}}
{"ts":1719314937842,"action":"FILE_OPENED","file":"/src/main/java/cn/katool/security/auth/utils/ResultUtils.java","tags":{"FILE_LINE_OF_CODE":"64"}}
{"ts":1719314942318,"action":"FILE_CLOSED","file":"/src/main/java/cn/katool/security/auth/utils/ResultUtils.java","tags":{"FILE_LINE_OF_CODE":"64"}}
{"ts":1719314942318,"action":"FILE_OPENED","file":"/src/main/java/cn/katool/security/auth/model/KaSecurityRole.java","tags":{"FILE_LINE_OF_CODE":"47"}}
{"ts":1719314947376,"action":"FILE_CLOSED","file":"/src/main/java/cn/katool/security/auth/model/KaSecurityRole.java","tags":{"FILE_LINE_OF_CODE":"47"}}
{"ts":1719314947376,"action":"FILE_OPENED","file":"/src/main/java/cn/katool/security/auth/model/entity/Auth.java","tags":{"FILE_LINE_OF_CODE":"157"}}
{"ts":1719314948412,"action":"FILE_CLOSED","file":"/src/main/java/cn/katool/security/auth/model/entity/Auth.java","tags":{"FILE_LINE_OF_CODE":"157"}}
{"ts":1719314948412,"action":"FILE_OPENED","file":"/src/main/java/cn/katool/security/auth/model/entity/KaSecuritySite.java","tags":{"FILE_LINE_OF_CODE":"42"}}
{"ts":1719314949449,"action":"FILE_CLOSED","file":"/src/main/java/cn/katool/security/auth/model/entity/KaSecuritySite.java","tags":{"FILE_LINE_OF_CODE":"42"}}
{"ts":1719314949449,"action":"FILE_OPENED","file":"/src/main/java/cn/katool/security/auth/model/entity/KaSecurityUser.java","tags":{"FILE_LINE_OF_CODE":"73"}}
{"ts":1719314953432,"action":"IDE_DEACTIVATED"}
{"ts":1719314954227,"action":"IDE_ACTIVATED"}
{"ts":1719314955053,"action":"IDE_DEACTIVATED"}
{"ts":1719314956355,"action":"IDE_ACTIVATED"}
{"ts":1719314975309,"action":"IDE_DEACTIVATED"}
{"ts":1719314975314,"action":"IDE_ACTIVATED"}
{"ts":1719314975891,"action":"IDE_DEACTIVATED"}
{"ts":1719314975978,"action":"IDE_ACTIVATED"}
{"ts":1719314978638,"action":"IDE_DEACTIVATED"}
{"ts":1719315069278,"action":"IDE_ACTIVATED"}
{"ts":1719315104034,"action":"IDE_DEACTIVATED"}
{"ts":1719315176897,"action":"IDE_ACTIVATED"}
{"ts":1719315210566,"action":"IDE_DEACTIVATED"}
{"ts":1719315251810,"action":"IDE_ACTIVATED"}
{"ts":1719315273281,"action":"IDE_DEACTIVATED"}
{"ts":1719315274665,"action":"IDE_ACTIVATED"}
{"ts":1719315275493,"action":"IDE_DEACTIVATED"}
{"ts":1719315275997,"action":"IDE_ACTIVATED"}
{"ts":1719315277094,"action":"IDE_DEACTIVATED"}
{"ts":1719315277508,"action":"IDE_ACTIVATED"}
{"ts":1719315279867,"action":"FILE_CLOSED","file":"/src/main/java/cn/katool/security/auth/model/entity/KaSecurityUser.java","tags":{"FILE_LINE_OF_CODE":"73"}}
{"ts":1719315279867,"action":"FILE_OPENED","file":"/pom.xml","tags":{"FILE_LINE_OF_CODE":"93"}}
{"ts":1719315304414,"action":"IDE_DEACTIVATED"}
{"ts":1719315311365,"action":"IDE_ACTIVATED"}
{"ts":1719315331410,"action":"IDE_DEACTIVATED"}
{"ts":1719315332057,"action":"IDE_ACTIVATED"}
{"ts":1719315332737,"action":"IDE_DEACTIVATED"}
{"ts":1719315333307,"action":"IDE_ACTIVATED"}
{"ts":1719315553269,"action":"IDE_DEACTIVATED"}
{"ts":1719315553859,"action":"FILE_CLOSED","file":"/pom.xml","tags":{"FILE_LINE_OF_CODE":"93"}}
{"ts":1719315553903,"action":"PROJECT_CLOSED","tags":{"PROJECT_NAME":"katool-security-auth"}}
{"ts":1719315570509,"action":"FILE_OPENED","file":"/src/main/java/cn/katool/security/auth/config/AuthConfig.java","tags":{"FILE_LINE_OF_CODE":"47"}}
{"ts":1719315573080,"action":"PROJECT_OPENED","tags":{"PROJECT_NAME":"katool-security-auth"}}
{"ts":1719315575535,"action":"IDE_DEACTIVATED"}
{"ts":1719315575677,"action":"IDE_ACTIVATED"}
{"ts":1719315575688,"action":"FILE_CLOSED","file":"/src/main/java/cn/katool/security/auth/config/AuthConfig.java","tags":{"FILE_LINE_OF_CODE":"47"}}
{"ts":1719315575688,"action":"FILE_OPENED","file":"/pom.xml","tags":{"FILE_LINE_OF_CODE":"93"}}
{"ts":1719315578649,"action":"IDE_DEACTIVATED"}
{"ts":1719315578680,"action":"IDE_ACTIVATED"}
{"ts":1719315629032,"action":"IDE_DEACTIVATED"}
{"ts":1719315647163,"action":"IDE_ACTIVATED"}
{"ts":1719315717370,"action":"IDE_DEACTIVATED"}
{"ts":1719315841396,"action":"IDE_ACTIVATED"}
{"ts":1719315841945,"action":"IDE_DEACTIVATED"}
{"ts":1719315842150,"action":"IDE_ACTIVATED"}
{"ts":1719315849681,"action":"IDE_DEACTIVATED"}
{"ts":1719315898071,"action":"IDE_ACTIVATED"}
{"ts":1719315900247,"action":"IDE_DEACTIVATED"}
{"ts":1719316006035,"action":"IDE_ACTIVATED"}
{"ts":1719316375268,"action":"IDE_DEACTIVATED"}
{"ts":1719316413336,"action":"IDE_ACTIVATED"}
{"ts":1719316438733,"action":"IDE_DEACTIVATED"}
{"ts":1719316441143,"action":"IDE_ACTIVATED"}
{"ts":1719316443582,"action":"FILE_CLOSED","file":"/pom.xml","tags":{"FILE_LINE_OF_CODE":"93"}}
{"ts":1719316443663,"action":"PROJECT_CLOSED","tags":{"PROJECT_NAME":"katool-security-auth"}}
{"ts":1719328713577,"action":"FILE_OPENED","file":"/src/main/java/cn/katool/security/auth/config/AuthConfig.java","tags":{"FILE_LINE_OF_CODE":"47"}}
{"ts":1719328713896,"action":"FILE_CLOSED","file":"/src/main/java/cn/katool/security/auth/config/AuthConfig.java","tags":{"FILE_LINE_OF_CODE":"47"}}
{"ts":1719328713896,"action":"FILE_OPENED","file":"/pom.xml","tags":{"FILE_LINE_OF_CODE":"93"}}
{"ts":1719328714013,"action":"PROJECT_OPENED","tags":{"PROJECT_NAME":"katool-security-auth"}}
{"ts":1719328721090,"action":"FILE_CLOSED","file":"/pom.xml","tags":{"FILE_LINE_OF_CODE":"93"}}
{"ts":1719328721090,"action":"FILE_OPENED","file":"/src/main/java/cn/katool/security/auth/utils/ResultUtils.java","tags":{"FILE_LINE_OF_CODE":"64"}}
{"ts":1719328725424,"action":"FILE_CLOSED","file":"/src/main/java/cn/katool/security/auth/utils/ResultUtils.java","tags":{"FILE_LINE_OF_CODE":"64"}}
{"ts":1719328725424,"action":"FILE_OPENED","file":"/src/main/java/cn/katool/security/auth/utils/BaseResponse.java","tags":{"FILE_LINE_OF_CODE":"36"}}
{"ts":1719328733164,"action":"FILE_CLOSED","file":"/src/main/java/cn/katool/security/auth/utils/BaseResponse.java","tags":{"FILE_LINE_OF_CODE":"36"}}
{"ts":1719328733164,"action":"FILE_OPENED","file":"/src/main/java/cn/katool/security/auth/exception/ErrorCode.java","tags":{"FILE_LINE_OF_CODE":"45"}}
{"ts":1719328737718,"action":"IDE_DEACTIVATED"}
{"ts":1719328737723,"action":"IDE_ACTIVATED"}
{"ts":1719328776316,"action":"IDE_DEACTIVATED"}
{"ts":1719328812821,"action":"IDE_ACTIVATED"}
{"ts":1719329028628,"action":"IDE_DEACTIVATED"}
{"ts":1719329028700,"action":"IDE_ACTIVATED"}
{"ts":1719329031238,"action":"IDE_DEACTIVATED"}
{"ts":1719329226898,"action":"IDE_ACTIVATED"}
{"ts":1719329228568,"action":"IDE_DEACTIVATED"}
{"ts":1719329229591,"action":"IDE_ACTIVATED"}
{"ts":1719329321673,"action":"IDE_DEACTIVATED"}
{"ts":1719329323775,"action":"IDE_ACTIVATED"}
{"ts":1719329326004,"action":"IDE_DEACTIVATED"}
{"ts":1719329411359,"action":"IDE_ACTIVATED"}
{"ts":1719329432472,"action":"IDE_DEACTIVATED"}
{"ts":1719329433377,"action":"IDE_ACTIVATED"}
{"ts":1719329434820,"action":"IDE_DEACTIVATED"}
{"ts":1719329441354,"action":"IDE_ACTIVATED"}
{"ts":1719329562340,"action":"IDE_DEACTIVATED"}
{"ts":1719329562816,"action":"IDE_ACTIVATED"}
{"ts":1719329740060,"action":"IDE_DEACTIVATED"}
{"ts":1719330490330,"action":"IDE_ACTIVATED"}
{"ts":1719330512811,"action":"IDE_DEACTIVATED"}
{"ts":1719331216139,"action":"IDE_ACTIVATED"}
{"ts":1719331374940,"action":"IDE_DEACTIVATED"}
{"ts":1719331378081,"action":"IDE_ACTIVATED"}
{"ts":1719331418992,"action":"IDE_DEACTIVATED"}
{"ts":1719331423824,"action":"IDE_ACTIVATED"}
{"ts":1719331424190,"action":"IDE_DEACTIVATED"}
{"ts":1719331429103,"action":"IDE_ACTIVATED"}
{"ts":1719331430304,"action":"IDE_DEACTIVATED"}
{"ts":1719331807735,"action":"IDE_ACTIVATED"}
{"ts":1719331814066,"action":"IDE_DEACTIVATED"}
{"ts":1719331838805,"action":"IDE_ACTIVATED"}
{"ts":1719331848186,"action":"IDE_DEACTIVATED"}
{"ts":1719331849014,"action":"IDE_ACTIVATED"}
{"ts":1719331849865,"action":"IDE_DEACTIVATED"}
{"ts":1719331860055,"action":"IDE_ACTIVATED"}
{"ts":1719331861641,"action":"IDE_DEACTIVATED"}
{"ts":1719331865551,"action":"IDE_ACTIVATED"}
{"ts":1719331868426,"action":"IDE_DEACTIVATED"}
{"ts":1719332223087,"action":"IDE_ACTIVATED"}
{"ts":1719332229517,"action":"IDE_DEACTIVATED"}
{"ts":1719332229922,"action":"IDE_ACTIVATED"}
{"ts":1719332230469,"action":"IDE_DEACTIVATED"}
{"ts":1719332803704,"action":"IDE_ACTIVATED"}
{"ts":1719332821735,"action":"IDE_DEACTIVATED"}
{"ts":1719334017612,"action":"IDE_ACTIVATED"}
{"ts":1719334019738,"action":"IDE_DEACTIVATED"}
{"ts":1719334020356,"action":"IDE_ACTIVATED"}
{"ts":1719334060198,"action":"IDE_DEACTIVATED"}
{"ts":1719334061421,"action":"IDE_ACTIVATED"}
{"ts":1719334068246,"action":"IDE_DEACTIVATED"}
{"ts":1719334068341,"action":"IDE_ACTIVATED"}
{"ts":1719334069156,"action":"IDE_DEACTIVATED"}
{"ts":1719334069205,"action":"IDE_ACTIVATED"}
{"ts":1719334069723,"action":"IDE_DEACTIVATED"}
{"ts":1719334073138,"action":"IDE_ACTIVATED"}
{"ts":1719334082795,"action":"IDE_DEACTIVATED"}
{"ts":1719364607188,"action":"FILE_OPENED","file":"/src/main/java/cn/katool/security/auth/model/entity/KaSecuritySite.java","tags":{"FILE_LINE_OF_CODE":"42"}}
{"ts":1719364611563,"action":"PROJECT_OPENED","tags":{"PROJECT_NAME":"katool-security-auth"}}
{"ts":1719364620245,"action":"IDE_DEACTIVATED"}
{"ts":1719364621182,"action":"IDE_ACTIVATED"}
{"ts":1719364622774,"action":"FILE_CLOSED","file":"/src/main/java/cn/katool/security/auth/model/entity/KaSecuritySite.java","tags":{"FILE_LINE_OF_CODE":"42"}}
{"ts":1719364622904,"action":"PROJECT_CLOSED","tags":{"PROJECT_NAME":"katool-security-auth"}}
{"ts":1719497227451,"action":"FILE_OPENED","file":"/src/main/java/cn/katool/security/auth/model/entity/KaSecuritySite.java","tags":{"FILE_LINE_OF_CODE":"42"}}
{"ts":1719497228038,"action":"PROJECT_OPENED","tags":{"PROJECT_NAME":"katool-security-auth"}}
{"ts":1719497234767,"action":"IDE_DEACTIVATED"}
{"ts":1719497287557,"action":"IDE_ACTIVATED"}
{"ts":1719497289972,"action":"IDE_DEACTIVATED"}
{"ts":1719497290366,"action":"IDE_ACTIVATED"}
{"ts":1719497293294,"action":"IDE_DEACTIVATED"}
{"ts":1719497299348,"action":"IDE_ACTIVATED"}
{"ts":1719497305123,"action":"FILE_CLOSED","file":"/src/main/java/cn/katool/security/auth/model/entity/KaSecuritySite.java","tags":{"FILE_LINE_OF_CODE":"42"}}
{"ts":1719497305123,"action":"FILE_OPENED","file":"/src/main/java/cn/katool/security/auth/service/KaSecurityUserService.java","tags":{"FILE_LINE_OF_CODE":"48"}}
{"ts":1719497311522,"action":"FILE_CLOSED","file":"/src/main/java/cn/katool/security/auth/service/KaSecurityUserService.java","tags":{"FILE_LINE_OF_CODE":"48"}}
{"ts":1719497311522,"action":"FILE_OPENED","file":"/src/main/java/cn/katool/security/auth/service/KaSecurityUserInfoService.java","tags":{"FILE_LINE_OF_CODE":"17"}}
{"ts":1719497314082,"action":"FILE_CLOSED","file":"/src/main/java/cn/katool/security/auth/service/KaSecurityUserInfoService.java","tags":{"FILE_LINE_OF_CODE":"17"}}
{"ts":1719497314082,"action":"FILE_OPENED","file":"/src/main/java/cn/katool/security/auth/service/KaSecurityLoginLogService.java","tags":{"FILE_LINE_OF_CODE":"22"}}
{"ts":1719497315037,"action":"FILE_CLOSED","file":"/src/main/java/cn/katool/security/auth/service/KaSecurityLoginLogService.java","tags":{"FILE_LINE_OF_CODE":"22"}}
{"ts":1719497315037,"action":"FILE_OPENED","file":"/src/main/java/cn/katool/security/auth/service/KaSecurityUserInfoService.java","tags":{"FILE_LINE_OF_CODE":"17"}}
{"ts":1719497317435,"action":"FILE_CLOSED","file":"/src/main/java/cn/katool/security/auth/service/KaSecurityUserInfoService.java","tags":{"FILE_LINE_OF_CODE":"17"}}
{"ts":1719497317435,"action":"FILE_OPENED","file":"/src/main/java/cn/katool/security/auth/service/impl/AuthInnerServiceImpl.java","tags":{"FILE_LINE_OF_CODE":"241"}}
{"ts":1719497319443,"action":"FILE_CLOSED","file":"/src/main/java/cn/katool/security/auth/service/impl/AuthInnerServiceImpl.java","tags":{"FILE_LINE_OF_CODE":"241"}}
{"ts":1719497319443,"action":"FILE_OPENED","file":"/src/main/java/cn/katool/security/auth/service/impl/AuthServiceImpl.java","tags":{"FILE_LINE_OF_CODE":"102"}}
{"ts":1719497320331,"action":"FILE_CLOSED","file":"/src/main/java/cn/katool/security/auth/service/impl/AuthServiceImpl.java","tags":{"FILE_LINE_OF_CODE":"102"}}
{"ts":1719497320331,"action":"FILE_OPENED","file":"/src/main/java/cn/katool/security/auth/service/impl/KaSecurityLoginLogServiceImpl.java","tags":{"FILE_LINE_OF_CODE":"60"}}
{"ts":1719497321896,"action":"FILE_CLOSED","file":"/src/main/java/cn/katool/security/auth/service/impl/KaSecurityLoginLogServiceImpl.java","tags":{"FILE_LINE_OF_CODE":"60"}}
{"ts":1719497321897,"action":"FILE_OPENED","file":"/src/main/java/cn/katool/security/auth/service/impl/KaSecurityUserServiceImpl.java","tags":{"FILE_LINE_OF_CODE":"238"}}
{"ts":1719497324734,"action":"IDE_DEACTIVATED"}
{"ts":1719497325462,"action":"IDE_ACTIVATED"}
{"ts":1719497326378,"action":"IDE_DEACTIVATED"}
{"ts":1719497326943,"action":"IDE_ACTIVATED"}
{"ts":1719497411094,"action":"IDE_DEACTIVATED"}
{"ts":1719497411310,"action":"IDE_ACTIVATED"}
{"ts":1719497523979,"action":"IDE_DEACTIVATED"}
{"ts":1719497523990,"action":"IDE_ACTIVATED"}
{"ts":1719497533142,"action":"IDE_DEACTIVATED"}
{"ts":1719497533226,"action":"IDE_ACTIVATED"}
{"ts":1719497534324,"action":"IDE_DEACTIVATED"}
{"ts":1719497534401,"action":"IDE_ACTIVATED"}
{"ts":1719497535340,"action":"FILE_CLOSED","file":"/src/main/java/cn/katool/security/auth/service/impl/KaSecurityUserServiceImpl.java","tags":{"FILE_LINE_OF_CODE":"238"}}
{"ts":1719497535340,"action":"FILE_OPENED","file":"/src/main/java/cn/katool/security/auth/model/vo/kauser/KaSecurityUserVO.java","tags":{"FILE_LINE_OF_CODE":"27"}}
{"ts":1719497537471,"action":"IDE_DEACTIVATED"}
{"ts":1719497537538,"action":"IDE_ACTIVATED"}
{"ts":1719497543328,"action":"IDE_DEACTIVATED"}
{"ts":1719497543520,"action":"IDE_ACTIVATED"}
{"ts":1719497618190,"action":"IDE_DEACTIVATED"}
{"ts":1719497618243,"action":"IDE_ACTIVATED"}
{"ts":1719497625782,"action":"IDE_DEACTIVATED"}
{"ts":1719497625857,"action":"IDE_ACTIVATED"}
{"ts":1719497628847,"action":"IDE_DEACTIVATED"}
{"ts":1719497628917,"action":"IDE_ACTIVATED"}
{"ts":1719497630029,"action":"IDE_DEACTIVATED"}
{"ts":1719497630095,"action":"IDE_ACTIVATED"}
{"ts":1719497630642,"action":"IDE_DEACTIVATED"}
{"ts":1719497630735,"action":"IDE_ACTIVATED"}
{"ts":1719497631543,"action":"FILE_CLOSED","file":"/src/main/java/cn/katool/security/auth/model/vo/kauser/KaSecurityUserVO.java","tags":{"FILE_LINE_OF_CODE":"27"}}
{"ts":1719497631543,"action":"FILE_OPENED","file":"/src/main/java/cn/katool/security/auth/model/dto/user/KaSecurityUserAddRequest.java","tags":{"FILE_LINE_OF_CODE":"22"}}
{"ts":1719497633456,"action":"IDE_DEACTIVATED"}
{"ts":1719497633521,"action":"IDE_ACTIVATED"}
{"ts":1719497643430,"action":"IDE_DEACTIVATED"}
{"ts":1719497644056,"action":"IDE_ACTIVATED"}
{"ts":1719497689505,"action":"IDE_DEACTIVATED"}
{"ts":1719497690308,"action":"IDE_ACTIVATED"}
{"ts":1719497691216,"action":"IDE_DEACTIVATED"}
{"ts":1719497692091,"action":"IDE_ACTIVATED"}
{"ts":1719497694311,"action":"FILE_CLOSED","file":"/src/main/java/cn/katool/security/auth/model/dto/user/KaSecurityUserAddRequest.java","tags":{"FILE_LINE_OF_CODE":"22"}}
{"ts":1719497694311,"action":"FILE_OPENED","file":"/src/main/java/cn/katool/security/auth/model/dto/user/KaSecurityUserUpdateMyRequest.java","tags":{"FILE_LINE_OF_CODE":"20"}}
{"ts":1719497694691,"action":"FILE_CLOSED","file":"/src/main/java/cn/katool/security/auth/model/dto/user/KaSecurityUserUpdateMyRequest.java","tags":{"FILE_LINE_OF_CODE":"20"}}
{"ts":1719497694691,"action":"FILE_OPENED","file":"/src/main/java/cn/katool/security/auth/model/dto/user/KaSecurityUserQueryRequest.java","tags":{"FILE_LINE_OF_CODE":"28"}}
{"ts":1719497698091,"action":"FILE_CLOSED","file":"/src/main/java/cn/katool/security/auth/model/dto/user/KaSecurityUserQueryRequest.java","tags":{"FILE_LINE_OF_CODE":"28"}}
{"ts":1719497698091,"action":"FILE_OPENED","file":"/src/main/java/cn/katool/security/auth/model/dto/PageRequest.java","tags":{"FILE_LINE_OF_CODE":"29"}}
{"ts":1719497728709,"action":"FILE_CLOSED","file":"/src/main/java/cn/katool/security/auth/model/dto/PageRequest.java","tags":{"FILE_LINE_OF_CODE":"29"}}
{"ts":1719497728709,"action":"FILE_OPENED","file":"/src/main/java/cn/katool/security/auth/model/dto/IncGraphRequest.java","tags":{"FILE_LINE_OF_CODE":"18"}}
{"ts":1719497729089,"action":"FILE_CLOSED","file":"/src/main/java/cn/katool/security/auth/model/dto/IncGraphRequest.java","tags":{"FILE_LINE_OF_CODE":"18"}}
{"ts":1719497729090,"action":"FILE_OPENED","file":"/src/main/java/cn/katool/security/auth/model/dto/PageRequest.java","tags":{"FILE_LINE_OF_CODE":"29"}}
{"ts":1719497730628,"action":"FILE_CLOSED","file":"/src/main/java/cn/katool/security/auth/model/dto/PageRequest.java","tags":{"FILE_LINE_OF_CODE":"29"}}
{"ts":1719497730628,"action":"FILE_OPENED","file":"/src/main/java/cn/katool/security/auth/model/dto/DeleteRequest.java","tags":{"FILE_LINE_OF_CODE":"21"}}
{"ts":1719497732299,"action":"FILE_CLOSED","file":"/src/main/java/cn/katool/security/auth/model/dto/DeleteRequest.java","tags":{"FILE_LINE_OF_CODE":"21"}}
{"ts":1719497732299,"action":"FILE_OPENED","file":"/src/main/java/cn/katool/security/auth/model/dto/SecretPair.java","tags":{"FILE_LINE_OF_CODE":"19"}}
{"ts":1719497736653,"action":"IDE_DEACTIVATED"}
{"ts":1719497736702,"action":"IDE_ACTIVATED"}
{"ts":1719497737776,"action":"IDE_DEACTIVATED"}
{"ts":1719497737847,"action":"IDE_ACTIVATED"}
{"ts":1719497739359,"action":"IDE_DEACTIVATED"}
{"ts":1719497739442,"action":"IDE_ACTIVATED"}
{"ts":1719497793107,"action":"IDE_DEACTIVATED"}
{"ts":1719497793110,"action":"IDE_ACTIVATED"}
{"ts":1719497793675,"action":"IDE_DEACTIVATED"}
{"ts":1719497793773,"action":"IDE_ACTIVATED"}
{"ts":1719497794153,"action":"IDE_DEACTIVATED"}
{"ts":1719497794235,"action":"IDE_ACTIVATED"}
{"ts":1719497795631,"action":"FILE_CLOSED","file":"/src/main/java/cn/katool/security/auth/model/dto/SecretPair.java","tags":{"FILE_LINE_OF_CODE":"19"}}
{"ts":1719497795631,"action":"FILE_OPENED","file":"/src/main/java/cn/katool/security/auth/model/dto/IncGraphRequest.java","tags":{"FILE_LINE_OF_CODE":"18"}}
{"ts":1719497797802,"action":"IDE_DEACTIVATED"}
{"ts":1719497797902,"action":"IDE_ACTIVATED"}
{"ts":1719497822579,"action":"IDE_DEACTIVATED"}
{"ts":1719497822636,"action":"IDE_ACTIVATED"}
{"ts":1719497830750,"action":"IDE_DEACTIVATED"}
{"ts":1719497830842,"action":"IDE_ACTIVATED"}
{"ts":1719497832173,"action":"IDE_DEACTIVATED"}
{"ts":1719497832283,"action":"IDE_ACTIVATED"}
{"ts":1719497846538,"action":"FILE_CLOSED","file":"/src/main/java/cn/katool/security/auth/model/dto/IncGraphRequest.java","tags":{"FILE_LINE_OF_CODE":"18"}}
{"ts":1719497846538,"action":"FILE_OPENED","file":"/src/main/java/cn/katool/security/auth/model/dto/PageRequest.java","tags":{"FILE_LINE_OF_CODE":"29"}}
{"ts":1719497847160,"action":"FILE_CLOSED","file":"/src/main/java/cn/katool/security/auth/model/dto/PageRequest.java","tags":{"FILE_LINE_OF_CODE":"29"}}
{"ts":1719497847160,"action":"FILE_OPENED","file":"/src/main/java/cn/katool/security/auth/model/dto/IncGraphRequest.java","tags":{"FILE_LINE_OF_CODE":"18"}}
{"ts":1719497850292,"action":"FILE_CLOSED","file":"/src/main/java/cn/katool/security/auth/model/dto/IncGraphRequest.java","tags":{"FILE_LINE_OF_CODE":"18"}}
{"ts":1719497850292,"action":"FILE_OPENED","file":"/src/main/java/cn/katool/security/auth/model/vo/graph/AntVVO.java","tags":{"FILE_LINE_OF_CODE":"17"}}
{"ts":1719497858013,"action":"FILE_CLOSED","file":"/src/main/java/cn/katool/security/auth/model/vo/graph/AntVVO.java","tags":{"FILE_LINE_OF_CODE":"17"}}
{"ts":1719497858013,"action":"FILE_OPENED","file":"/src/main/java/cn/katool/security/auth/model/graph/IncGraphNode.java","tags":{"FILE_LINE_OF_CODE":"14"}}
{"ts":1719497860396,"action":"IDE_DEACTIVATED"}
{"ts":1719497860470,"action":"IDE_ACTIVATED"}
{"ts":1719497926371,"action":"IDE_DEACTIVATED"}
{"ts":1719497926375,"action":"IDE_ACTIVATED"}
{"ts":1719497927347,"action":"FILE_CLOSED","file":"/src/main/java/cn/katool/security/auth/model/graph/IncGraphNode.java","tags":{"FILE_LINE_OF_CODE":"14"}}
{"ts":1719497927347,"action":"FILE_OPENED","file":"/src/main/java/cn/katool/security/auth/model/graph/AntVEdge.java","tags":{"FILE_LINE_OF_CODE":"13"}}
{"ts":1719497928836,"action":"FILE_CLOSED","file":"/src/main/java/cn/katool/security/auth/model/graph/AntVEdge.java","tags":{"FILE_LINE_OF_CODE":"13"}}
{"ts":1719497928836,"action":"FILE_OPENED","file":"/src/main/java/cn/katool/security/auth/service/impl/KaSecurityUserServiceImpl.java","tags":{"FILE_LINE_OF_CODE":"238"}}
{"ts":1719497952643,"action":"FILE_CLOSED","file":"/src/main/java/cn/katool/security/auth/service/impl/KaSecurityUserServiceImpl.java","tags":{"FILE_LINE_OF_CODE":"238"}}
{"ts":1719497952643,"action":"FILE_OPENED","file":"/src/main/java/cn/katool/security/auth/model/KaSecurityRole.java","tags":{"FILE_LINE_OF_CODE":"47"}}
{"ts":1719497958572,"action":"FILE_CLOSED","file":"/src/main/java/cn/katool/security/auth/model/KaSecurityRole.java","tags":{"FILE_LINE_OF_CODE":"47"}}
{"ts":1719497958572,"action":"FILE_OPENED","file":"/src/main/java/cn/katool/security/auth/service/impl/KaSecuritySiteServiceImpl.java","tags":{"FILE_LINE_OF_CODE":"50"}}
{"ts":1719497959398,"action":"FILE_CLOSED","file":"/src/main/java/cn/katool/security/auth/service/impl/KaSecuritySiteServiceImpl.java","tags":{"FILE_LINE_OF_CODE":"50"}}
{"ts":1719497959398,"action":"FILE_OPENED","file":"/src/main/java/cn/katool/security/auth/service/impl/KaSecurityUserInfoServiceImpl.java","tags":{"FILE_LINE_OF_CODE":"116"}}
{"ts":1719497986698,"action":"IDE_DEACTIVATED"}
{"ts":1719497986834,"action":"IDE_ACTIVATED"}
{"ts":1719498368228,"action":"IDE_DEACTIVATED"}
{"ts":1719498368232,"action":"IDE_ACTIVATED"}
{"ts":1719498373565,"action":"FILE_CLOSED","file":"/src/main/java/cn/katool/security/auth/service/impl/KaSecurityUserInfoServiceImpl.java","tags":{"FILE_LINE_OF_CODE":"116"}}
{"ts":1719498373565,"action":"FILE_OPENED","file":"/src/main/java/cn/katool/security/auth/service/impl/KaSecurityLoginLogServiceImpl.java","tags":{"FILE_LINE_OF_CODE":"60"}}
{"ts":1719498378379,"action":"IDE_DEACTIVATED"}
{"ts":1719498378468,"action":"IDE_ACTIVATED"}
{"ts":1719498379419,"action":"IDE_DEACTIVATED"}
{"ts":1719498379424,"action":"IDE_ACTIVATED"}
{"ts":1719498380402,"action":"FILE_CLOSED","file":"/src/main/java/cn/katool/security/auth/service/impl/KaSecurityLoginLogServiceImpl.java","tags":{"FILE_LINE_OF_CODE":"60"}}
{"ts":1719498380402,"action":"FILE_OPENED","file":"/src/main/java/cn/katool/security/auth/service/impl/KaSecurityUserServiceImpl.java","tags":{"FILE_LINE_OF_CODE":"238"}}
{"ts":1719498399557,"action":"FILE_CLOSED","file":"/src/main/java/cn/katool/security/auth/service/impl/KaSecurityUserServiceImpl.java","tags":{"FILE_LINE_OF_CODE":"238"}}
{"ts":1719498399557,"action":"FILE_OPENED","file":"/src/main/java/cn/katool/security/auth/service/impl/KaSecurityLoginLogServiceImpl.java","tags":{"FILE_LINE_OF_CODE":"60"}}
{"ts":1719498404975,"action":"IDE_DEACTIVATED"}
{"ts":1719498405054,"action":"IDE_ACTIVATED"}
{"ts":1719498444645,"action":"IDE_DEACTIVATED"}
{"ts":1719498444697,"action":"IDE_ACTIVATED"}
{"ts":1719498445991,"action":"FILE_CLOSED","file":"/src/main/java/cn/katool/security/auth/service/impl/KaSecurityLoginLogServiceImpl.java","tags":{"FILE_LINE_OF_CODE":"60"}}
{"ts":1719498445991,"action":"FILE_OPENED","file":"/src/main/java/cn/katool/security/auth/service/impl/KaSecurityUserServiceImpl.java","tags":{"FILE_LINE_OF_CODE":"238"}}
{"ts":1719498527388,"action":"IDE_DEACTIVATED"}
{"ts":1719498527513,"action":"IDE_ACTIVATED"}
{"ts":1719498528712,"action":"IDE_DEACTIVATED"}
{"ts":1719498528807,"action":"IDE_ACTIVATED"}
{"ts":1719498543679,"action":"FILE_CLOSED","file":"/src/main/java/cn/katool/security/auth/service/impl/KaSecurityUserServiceImpl.java","tags":{"FILE_LINE_OF_CODE":"237"}}
{"ts":1719498543679,"action":"FILE_OPENED","file":"/src/main/java/cn/katool/security/auth/model/entity/KaSecuritySite.java","tags":{"FILE_LINE_OF_CODE":"42"}}
{"ts":1719498544142,"action":"FILE_CLOSED","file":"/src/main/java/cn/katool/security/auth/model/entity/KaSecuritySite.java","tags":{"FILE_LINE_OF_CODE":"42"}}
{"ts":1719498544142,"action":"FILE_OPENED","file":"/src/main/java/cn/katool/security/auth/model/entity/KaSecurityLoginLog.java","tags":{"FILE_LINE_OF_CODE":"52"}}
{"ts":1719498546276,"action":"IDE_DEACTIVATED"}
{"ts":1719498546306,"action":"IDE_ACTIVATED"}
{"ts":1719498578002,"action":"IDE_DEACTIVATED"}
{"ts":1719498578007,"action":"IDE_ACTIVATED"}
{"ts":1719498587046,"action":"FILE_CLOSED","file":"/src/main/java/cn/katool/security/auth/model/entity/KaSecurityLoginLog.java","tags":{"FILE_LINE_OF_CODE":"52"}}
{"ts":1719498587046,"action":"FILE_OPENED","file":"/src/main/java/cn/katool/security/auth/mapper/KaSecurityLoginLogMapper.java","tags":{"FILE_LINE_OF_CODE":"19"}}
{"ts":1719498589533,"action":"IDE_DEACTIVATED"}
{"ts":1719498589616,"action":"IDE_ACTIVATED"}
{"ts":1719498656675,"action":"IDE_DEACTIVATED"}
{"ts":1719498656680,"action":"IDE_ACTIVATED"}
{"ts":1719498672943,"action":"FILE_CLOSED","file":"/src/main/java/cn/katool/security/auth/mapper/KaSecurityLoginLogMapper.java","tags":{"FILE_LINE_OF_CODE":"19"}}
{"ts":1719498672943,"action":"FILE_OPENED","file":"/src/main/java/cn/katool/security/auth/service/KaSecurityLoginLogService.java","tags":{"FILE_LINE_OF_CODE":"22"}}
{"ts":1719498674479,"action":"IDE_DEACTIVATED"}
{"ts":1719498674546,"action":"IDE_ACTIVATED"}
{"ts":1719498842612,"action":"IDE_DEACTIVATED"}
{"ts":1719498842667,"action":"IDE_ACTIVATED"}
{"ts":1719498842896,"action":"IDE_DEACTIVATED"}
{"ts":1719498842997,"action":"IDE_ACTIVATED"}
{"ts":1719498848607,"action":"IDE_DEACTIVATED"}
{"ts":1719498848704,"action":"IDE_ACTIVATED"}
{"ts":1719498849715,"action":"IDE_DEACTIVATED"}
{"ts":1719498849804,"action":"IDE_ACTIVATED"}
{"ts":1719498851743,"action":"IDE_DEACTIVATED"}
{"ts":1719498851795,"action":"IDE_ACTIVATED"}
{"ts":1719498860423,"action":"FILE_CLOSED","file":"/src/main/java/cn/katool/security/auth/service/KaSecurityLoginLogService.java","tags":{"FILE_LINE_OF_CODE":"22"}}
{"ts":1719498860423,"action":"FILE_OPENED","file":"/src/main/java/cn/katool/security/auth/model/vo/kauser/KaSecurityUserVO.java","tags":{"FILE_LINE_OF_CODE":"27"}}
{"ts":1719498861226,"action":"FILE_CLOSED","file":"/src/main/java/cn/katool/security/auth/model/vo/kauser/KaSecurityUserVO.java","tags":{"FILE_LINE_OF_CODE":"27"}}
{"ts":1719498861226,"action":"FILE_OPENED","file":"/src/main/java/cn/katool/security/auth/service/KaSecurityLoginLogService.java","tags":{"FILE_LINE_OF_CODE":"22"}}
{"ts":1719498866173,"action":"FILE_CLOSED","file":"/src/main/java/cn/katool/security/auth/service/KaSecurityLoginLogService.java","tags":{"FILE_LINE_OF_CODE":"22"}}
{"ts":1719498866173,"action":"FILE_OPENED","file":"/src/main/java/cn/katool/security/auth/model/entity/KaSecurityLoginLog.java","tags":{"FILE_LINE_OF_CODE":"52"}}
{"ts":1719498870876,"action":"IDE_DEACTIVATED"}
{"ts":1719498870975,"action":"IDE_ACTIVATED"}
{"ts":1719498871814,"action":"IDE_DEACTIVATED"}
{"ts":1719498871857,"action":"IDE_ACTIVATED"}
{"ts":1719498872295,"action":"IDE_DEACTIVATED"}
{"ts":1719498872307,"action":"IDE_ACTIVATED"}
{"ts":1719498872685,"action":"IDE_DEACTIVATED"}
{"ts":1719498872741,"action":"IDE_ACTIVATED"}
{"ts":1719498874277,"action":"IDE_DEACTIVATED"}
{"ts":1719498874361,"action":"IDE_ACTIVATED"}
{"ts":1719499123451,"action":"IDE_DEACTIVATED"}
{"ts":1719499133494,"action":"IDE_ACTIVATED"}
{"ts":1719499140797,"action":"IDE_DEACTIVATED"}
{"ts":1719499161059,"action":"IDE_ACTIVATED"}
{"ts":1719499196997,"action":"IDE_DEACTIVATED"}
{"ts":1719499207183,"action":"IDE_ACTIVATED"}
{"ts":1719499228294,"action":"IDE_DEACTIVATED"}
{"ts":1719499229097,"action":"IDE_ACTIVATED"}
{"ts":1719499230058,"action":"IDE_DEACTIVATED"}
{"ts":1719499231274,"action":"IDE_ACTIVATED"}
{"ts":1719499232251,"action":"IDE_DEACTIVATED"}
{"ts":1719499232709,"action":"IDE_ACTIVATED"}
{"ts":1719499240010,"action":"FILE_CLOSED","file":"/src/main/java/cn/katool/security/auth/model/entity/KaSecurityLoginLog.java","tags":{"FILE_LINE_OF_CODE":"52"}}
{"ts":1719499240010,"action":"FILE_OPENED","file":"/src/main/resources/mapper/KaSecurityRoleMapper.xml","tags":{"FILE_LINE_OF_CODE":"19"}}
{"ts":1719499240747,"action":"FILE_CLOSED","file":"/src/main/resources/mapper/KaSecurityRoleMapper.xml","tags":{"FILE_LINE_OF_CODE":"19"}}
{"ts":1719499240747,"action":"FILE_OPENED","file":"/src/main/resources/mapper/KaSecuritySiteMapper.xml","tags":{"FILE_LINE_OF_CODE":"20"}}
{"ts":1719499241069,"action":"FILE_CLOSED","file":"/src/main/resources/mapper/KaSecuritySiteMapper.xml","tags":{"FILE_LINE_OF_CODE":"20"}}
{"ts":1719499241069,"action":"FILE_OPENED","file":"/src/main/resources/mapper/LoginLogMapper.xml","tags":{"FILE_LINE_OF_CODE":"19"}}
{"ts":1719499242695,"action":"IDE_DEACTIVATED"}
{"ts":1719499242829,"action":"IDE_ACTIVATED"}
{"ts":1719499377322,"action":"IDE_DEACTIVATED"}
{"ts":1719499380526,"action":"IDE_ACTIVATED"}
{"ts":1719499428597,"action":"IDE_DEACTIVATED"}
{"ts":1719499429172,"action":"IDE_ACTIVATED"}
{"ts":1719499438800,"action":"FILE_CLOSED","file":"/src/main/resources/mapper/LoginLogMapper.xml","tags":{"FILE_LINE_OF_CODE":"19"}}
{"ts":1719499438800,"action":"FILE_OPENED","file":"/src/main/java/cn/katool/security/auth/controller/KaSecurityTokenController.java","tags":{"FILE_LINE_OF_CODE":"139"}}
{"ts":1719499439167,"action":"FILE_CLOSED","file":"/src/main/java/cn/katool/security/auth/controller/KaSecurityTokenController.java","tags":{"FILE_LINE_OF_CODE":"139"}}
{"ts":1719499439167,"action":"FILE_OPENED","file":"/src/main/java/cn/katool/security/auth/controller/KaSecurityUserController.java","tags":{"FILE_LINE_OF_CODE":"342"}}
{"ts":1719499440965,"action":"IDE_DEACTIVATED"}
{"ts":1719499441043,"action":"IDE_ACTIVATED"}
{"ts":1719499536848,"action":"IDE_DEACTIVATED"}
{"ts":1719499540794,"action":"IDE_ACTIVATED"}
{"ts":1719499685043,"action":"IDE_DEACTIVATED"}
{"ts":1719500477009,"action":"IDE_ACTIVATED"}
{"ts":1719500481255,"action":"FILE_CLOSED","file":"/src/main/java/cn/katool/security/auth/controller/KaSecurityUserController.java","tags":{"FILE_LINE_OF_CODE":"342"}}
{"ts":1719500481314,"action":"PROJECT_CLOSED","tags":{"PROJECT_NAME":"katool-security-auth"}}
{"ts":1719500502456,"action":"FILE_OPENED","file":"/src/main/java/cn/katool/security/auth/service/KaSecurityUserService.java","tags":{"FILE_LINE_OF_CODE":"48"}}
{"ts":1719500502843,"action":"FILE_CLOSED","file":"/src/main/java/cn/katool/security/auth/service/KaSecurityUserService.java","tags":{"FILE_LINE_OF_CODE":"48"}}
{"ts":1719500502843,"action":"FILE_OPENED","file":"/src/main/java/cn/katool/security/auth/controller/KaSecurityUserController.java","tags":{"FILE_LINE_OF_CODE":"342"}}
{"ts":1719500502962,"action":"PROJECT_OPENED","tags":{"PROJECT_NAME":"katool-security-auth"}}
{"ts":1719500503283,"action":"IDE_DEACTIVATED"}
{"ts":1719500669663,"action":"IDE_ACTIVATED"}
{"ts":1719500672863,"action":"FILE_CLOSED","file":"/src/main/java/cn/katool/security/auth/controller/KaSecurityUserController.java","tags":{"FILE_LINE_OF_CODE":"342"}}
{"ts":1719500672863,"action":"FILE_OPENED","file":"/pom.xml","tags":{"FILE_LINE_OF_CODE":"93"}}
{"ts":1719500673513,"action":"IDE_DEACTIVATED"}
{"ts":1719500674209,"action":"IDE_ACTIVATED"}
{"ts":1719500682464,"action":"FILE_CLOSED","file":"/pom.xml","tags":{"FILE_LINE_OF_CODE":"93"}}
{"ts":1719500682464,"action":"FILE_OPENED","file":"/src/main/java/cn/katool/security/auth/model/dto/user/KaSecurityUserAddRequest.java","tags":{"FILE_LINE_OF_CODE":"22"}}
{"ts":1719500685198,"action":"FILE_CLOSED","file":"/src/main/java/cn/katool/security/auth/model/dto/user/KaSecurityUserAddRequest.java","tags":{"FILE_LINE_OF_CODE":"22"}}
{"ts":1719500685198,"action":"FILE_OPENED","file":"/src/main/java/cn/katool/security/auth/controller/KaSecurityCountController.java","tags":{"FILE_LINE_OF_CODE":"115"}}
{"ts":1719500688216,"action":"FILE_CLOSED","file":"/src/main/java/cn/katool/security/auth/controller/KaSecurityCountController.java","tags":{"FILE_LINE_OF_CODE":"115"}}
{"ts":1719500689445,"action":"FILE_OPENED","file":"/src/main/java/cn/katool/security/auth/controller/KaSecurityCountController.java","tags":{"FILE_LINE_OF_CODE":"115"}}
{"ts":1719500690689,"action":"FILE_CLOSED","file":"/src/main/java/cn/katool/security/auth/controller/KaSecurityCountController.java","tags":{"FILE_LINE_OF_CODE":"115"}}
{"ts":1719500696537,"action":"FILE_OPENED","file":"/pom.xml","tags":{"FILE_LINE_OF_CODE":"93"}}
{"ts":1719500708018,"action":"IDE_DEACTIVATED"}
{"ts":1719500711314,"action":"IDE_ACTIVATED"}
{"ts":1719500717292,"action":"IDE_DEACTIVATED"}
{"ts":1719500718918,"action":"IDE_ACTIVATED"}
{"ts":1719500722109,"action":"IDE_DEACTIVATED"}
{"ts":1719500722688,"action":"IDE_ACTIVATED"}
{"ts":1719500728786,"action":"FILE_CLOSED","file":"/pom.xml","tags":{"FILE_LINE_OF_CODE":"93"}}
{"ts":1719500728846,"action":"PROJECT_CLOSED","tags":{"PROJECT_NAME":"katool-security-auth"}}
{"ts":1719674543541,"action":"FILE_OPENED","file":"/src/main/java/cn/katool/security/auth/service/impl/KaSecurityUserServiceImpl.java","tags":{"FILE_LINE_OF_CODE":"237"}}
{"ts":1719674544654,"action":"FILE_CLOSED","file":"/src/main/java/cn/katool/security/auth/service/impl/KaSecurityUserServiceImpl.java","tags":{"FILE_LINE_OF_CODE":"237"}}
{"ts":1719674544654,"action":"FILE_OPENED","file":"/pom.xml","tags":{"FILE_LINE_OF_CODE":"93"}}
{"ts":1719674545669,"action":"PROJECT_OPENED","tags":{"PROJECT_NAME":"katool-security-auth"}}
{"ts":1719674549278,"action":"FILE_CLOSED","file":"/pom.xml","tags":{"FILE_LINE_OF_CODE":"93"}}
{"ts":1719674549278,"action":"FILE_OPENED","file":"/src/main/resources/mapper/AuthMapper.xml","tags":{"FILE_LINE_OF_CODE":"48"}}
{"ts":1719674550082,"action":"FILE_CLOSED","file":"/src/main/resources/mapper/AuthMapper.xml","tags":{"FILE_LINE_OF_CODE":"48"}}
{"ts":1719674550082,"action":"FILE_OPENED","file":"/src/main/resources/application-dev.yml","tags":{"FILE_LINE_OF_CODE":"97"}}
{"ts":1719674554326,"action":"FILE_CLOSED","file":"/src/main/resources/application-dev.yml","tags":{"FILE_LINE_OF_CODE":"97"}}
{"ts":1719674554326,"action":"FILE_OPENED","file":"/src/main/resources/application.yml","tags":{"FILE_LINE_OF_CODE":"98"}}
{"ts":1719674558110,"action":"IDE_DEACTIVATED"}
{"ts":1719674558147,"action":"IDE_ACTIVATED"}
{"ts":1719674597908,"action":"IDE_DEACTIVATED"}
{"ts":1719674622460,"action":"IDE_ACTIVATED"}
{"ts":1719674624517,"action":"IDE_DEACTIVATED"}
{"ts":1719674625038,"action":"IDE_ACTIVATED"}
{"ts":1719674626413,"action":"IDE_DEACTIVATED"}
{"ts":1719674626968,"action":"IDE_ACTIVATED"}
{"ts":1719674629789,"action":"IDE_DEACTIVATED"}
{"ts":1719674630763,"action":"IDE_ACTIVATED"}
{"ts":1719674735287,"action":"IDE_DEACTIVATED"}
{"ts":1719674737522,"action":"IDE_ACTIVATED"}
{"ts":1719674855138,"action":"IDE_DEACTIVATED"}
{"ts":1719675167063,"action":"IDE_ACTIVATED"}
{"ts":1719675193461,"action":"IDE_DEACTIVATED"}
{"ts":1719675194089,"action":"IDE_ACTIVATED"}
{"ts":1719675197351,"action":"IDE_DEACTIVATED"}
{"ts":1719676305281,"action":"IDE_ACTIVATED"}
{"ts":1719676311861,"action":"IDE_DEACTIVATED"}
{"ts":1719676314502,"action":"IDE_ACTIVATED"}
{"ts":1719676356382,"action":"IDE_DEACTIVATED"}
{"ts":1719676363819,"action":"IDE_ACTIVATED"}
{"ts":1719676365285,"action":"IDE_DEACTIVATED"}
{"ts":1719677274678,"action":"IDE_ACTIVATED"}
{"ts":1719677366931,"action":"IDE_DEACTIVATED"}
{"ts":1719677369512,"action":"IDE_ACTIVATED"}
{"ts":1719677513739,"action":"IDE_DEACTIVATED"}
{"ts":1719677528687,"action":"IDE_ACTIVATED"}
{"ts":1719677797752,"action":"IDE_DEACTIVATED"}
{"ts":1719677828394,"action":"IDE_ACTIVATED"}
{"ts":1719677863078,"action":"IDE_DEACTIVATED"}
{"ts":1719678045010,"action":"IDE_ACTIVATED"}
{"ts":1719678254607,"action":"IDE_DEACTIVATED"}
{"ts":1719678305125,"action":"IDE_ACTIVATED"}
{"ts":1719678351845,"action":"IDE_DEACTIVATED"}
{"ts":1719678364247,"action":"IDE_ACTIVATED"}
{"ts":1719678366805,"action":"IDE_DEACTIVATED"}
{"ts":1719678367931,"action":"IDE_ACTIVATED"}
{"ts":1719678435875,"action":"IDE_DEACTIVATED"}
{"ts":1719678438070,"action":"IDE_ACTIVATED"}
{"ts":1719678468631,"action":"IDE_DEACTIVATED"}
{"ts":1719678470881,"action":"IDE_ACTIVATED"}
{"ts":1719679161471,"action":"IDE_DEACTIVATED"}
{"ts":1719679176097,"action":"IDE_ACTIVATED"}
{"ts":1719679177329,"action":"IDE_DEACTIVATED"}
{"ts":1719679187121,"action":"IDE_ACTIVATED"}
{"ts":1719679187766,"action":"IDE_DEACTIVATED"}
{"ts":1719679223868,"action":"IDE_ACTIVATED"}
{"ts":1719680457760,"action":"IDE_DEACTIVATED"}
{"ts":1719680680297,"action":"IDE_ACTIVATED"}
{"ts":1719680758649,"action":"IDE_DEACTIVATED"}
{"ts":1719680779860,"action":"IDE_ACTIVATED"}
{"ts":1719680805456,"action":"IDE_DEACTIVATED"}
{"ts":1719680808319,"action":"IDE_ACTIVATED"}
{"ts":1719680830333,"action":"IDE_DEACTIVATED"}
{"ts":1719680830839,"action":"IDE_ACTIVATED"}
{"ts":1719680943698,"action":"IDE_DEACTIVATED"}
{"ts":1719681035341,"action":"IDE_ACTIVATED"}
{"ts":1719681038575,"action":"IDE_DEACTIVATED"}
{"ts":1719681040891,"action":"IDE_ACTIVATED"}
{"ts":1719681073936,"action":"IDE_DEACTIVATED"}
{"ts":1719681073992,"action":"IDE_ACTIVATED"}
{"ts":1719681074476,"action":"IDE_DEACTIVATED"}
{"ts":1719681074548,"action":"IDE_ACTIVATED"}
{"ts":1719681074824,"action":"IDE_DEACTIVATED"}
{"ts":1719681075065,"action":"IDE_ACTIVATED"}
{"ts":1719681076660,"action":"IDE_DEACTIVATED"}
{"ts":1719681085560,"action":"IDE_ACTIVATED"}
{"ts":1719681137568,"action":"IDE_DEACTIVATED"}
{"ts":1719681341981,"action":"IDE_ACTIVATED"}
{"ts":1719681343128,"action":"IDE_DEACTIVATED"}
{"ts":1719681355127,"action":"IDE_ACTIVATED"}
{"ts":1719681358723,"action":"FILE_CLOSED","file":"/src/main/resources/application.yml","tags":{"FILE_LINE_OF_CODE":"98"}}
{"ts":1719681358723,"action":"FILE_OPENED","file":"/src/main/java/cn/katool/security/auth/controller/KaSecurityRoleController.java","tags":{"FILE_LINE_OF_CODE":"92"}}
{"ts":1719681363763,"action":"IDE_DEACTIVATED"}
{"ts":1719681365552,"action":"IDE_ACTIVATED"}
{"ts":1719681384468,"action":"IDE_DEACTIVATED"}
{"ts":1719681384967,"action":"IDE_ACTIVATED"}
{"ts":1719681386622,"action":"IDE_DEACTIVATED"}
{"ts":1719681412243,"action":"IDE_ACTIVATED"}
{"ts":1719681448760,"action":"FILE_CLOSED","file":"/src/main/java/cn/katool/security/auth/controller/KaSecurityRoleController.java","tags":{"FILE_LINE_OF_CODE":"92"}}
{"ts":1719681448760,"action":"FILE_OPENED","file":"/src/main/java/cn/katool/security/auth/service/impl/KaSecurityUserServiceImpl.java","tags":{"FILE_LINE_OF_CODE":"237"}}
{"ts":1719681475608,"action":"FILE_CLOSED","file":"/src/main/java/cn/katool/security/auth/service/impl/KaSecurityUserServiceImpl.java","tags":{"FILE_LINE_OF_CODE":"237"}}
{"ts":1719681477795,"action":"FILE_OPENED","file":"/src/main/java/cn/katool/security/auth/service/impl/KaSecurityUserServiceImpl.java","tags":{"FILE_LINE_OF_CODE":"237"}}
{"ts":1719681499494,"action":"FILE_CLOSED","file":"/src/main/java/cn/katool/security/auth/service/impl/KaSecurityUserServiceImpl.java","tags":{"FILE_LINE_OF_CODE":"237"}}
{"ts":1719681555487,"action":"FILE_OPENED","file":"/src/main/java/cn/katool/security/auth/config/AuthConfig.java","tags":{"FILE_LINE_OF_CODE":"47"}}
{"ts":1719681558586,"action":"FILE_CLOSED","file":"/src/main/java/cn/katool/security/auth/config/AuthConfig.java","tags":{"FILE_LINE_OF_CODE":"47"}}
{"ts":1719681589082,"action":"FILE_OPENED","file":"/src/main/java/cn/katool/security/auth/config/AuthConfig.java","tags":{"FILE_LINE_OF_CODE":"47"}}
{"ts":1719681594998,"action":"FILE_CLOSED","file":"/src/main/java/cn/katool/security/auth/config/AuthConfig.java","tags":{"FILE_LINE_OF_CODE":"47"}}
{"ts":1719681606181,"action":"FILE_OPENED","file":"/src/main/java/cn/katool/security/auth/config/AuthConfig.java","tags":{"FILE_LINE_OF_CODE":"47"}}
{"ts":1719681618543,"action":"FILE_CLOSED","file":"/src/main/java/cn/katool/security/auth/config/AuthConfig.java","tags":{"FILE_LINE_OF_CODE":"47"}}
{"ts":1719681624693,"action":"FILE_OPENED","file":"/src/main/java/cn/katool/security/auth/config/AuthConfig.java","tags":{"FILE_LINE_OF_CODE":"47"}}
{"ts":1719681635132,"action":"FILE_CLOSED","file":"/src/main/java/cn/katool/security/auth/config/AuthConfig.java","tags":{"FILE_LINE_OF_CODE":"47"}}
{"ts":1719681635199,"action":"PROJECT_CLOSED","tags":{"PROJECT_NAME":"katool-security-auth"}}
